<?xml version="1.0" encoding="UTF-8"?>
<!-- Generated by org.testng.reporters.JUnitXMLReporter -->
<testsuite hostname="DESKTOP-6MCO3NS" ignored="0" name="Regression1" tests="2" failures="2" timestamp="24 Feb 2021 07:19:58 GMT" time="0.197" errors="0">
  <testcase name="test" time="0.039" classname="com.maven.project.DemoTest">
    <failure type="java.lang.NoClassDefFoundError" message="com/google/common/collect/ImmutableMap">
      <![CDATA[java.lang.NoClassDefFoundError: com/google/common/collect/ImmutableMap
at org.openqa.selenium.remote.service.DriverService$Builder.<init>(DriverService.java:250)
at org.openqa.selenium.chrome.ChromeDriverService$Builder.<init>(ChromeDriverService.java:98)
at org.openqa.selenium.chrome.ChromeDriverService.createDefaultService(ChromeDriverService.java:91)
at org.openqa.selenium.chrome.ChromeDriver.<init>(ChromeDriver.java:123)
at com.maven.project.DemoTest.test(DemoTest.java:11)
Caused by: java.lang.ClassNotFoundException: com.google.common.collect.ImmutableMap
at java.net.URLClassLoader.findClass(URLClassLoader.java:382)
at java.lang.ClassLoader.loadClass(ClassLoader.java:424)
at sun.misc.Launcher$AppClassLoader.loadClass(Launcher.java:349)
at java.lang.ClassLoader.loadClass(ClassLoader.java:357)
... 30 more
... Removed 25 stack frames]]>
    </failure>
  </testcase> <!-- test -->
  <testcase name="method" time="0.009" classname="com.maven.project.SampleTest">
    <failure type="java.lang.NoClassDefFoundError" message="com/google/common/collect/ImmutableMap">
      <![CDATA[java.lang.NoClassDefFoundError: com/google/common/collect/ImmutableMap
at org.openqa.selenium.remote.service.DriverService$Builder.<init>(DriverService.java:250)
at org.openqa.selenium.firefox.GeckoDriverService$Builder.<init>(GeckoDriverService.java:119)
at org.openqa.selenium.firefox.FirefoxDriver.toExecutor(FirefoxDriver.java:164)
at org.openqa.selenium.firefox.FirefoxDriver.<init>(FirefoxDriver.java:125)
at org.openqa.selenium.firefox.FirefoxDriver.<init>(FirefoxDriver.java:103)
at com.maven.project.SampleTest.method(SampleTest.java:11)
... Removed 25 stack frames]]>
    </failure>
  </testcase> <!-- method -->
</testsuite> <!-- Regression1 -->
